<?xml version="1.0" encoding="UTF-8" ?>
<testsuite errors="0" failures="0" hostname="MacBook.local" name="RenderMethodTests" tests="9" time="2.114" timestamp="2008-06-09T13:36:15">
  <properties />
  <testcase classname="RenderMethodTests" name="testRenderNodes" time="0.702" />
  <testcase classname="RenderMethodTests" name="testRenderNodesToAtom10" time="0.224" />
  <testcase classname="RenderMethodTests" name="testRenderNodesNestedExplicitContentNodeBeforePropertySetters" time="0.197" />
  <testcase classname="RenderMethodTests" name="testRenderNodesNestedExplicitContentNode" time="0.234" />
  <testcase classname="RenderMethodTests" name="testRenderNodesBadMethodResolution" time="0.238" />
  <testcase classname="RenderMethodTests" name="testRenderStringStillWorks" time="0.062" />
  <testcase classname="RenderMethodTests" name="testRenderClosureStillWorks" time="0.13" />
  <testcase classname="RenderMethodTests" name="testRenderMapClosureStillWorks" time="0.122" />
  <testcase classname="RenderMethodTests" name="testSimple" time="0.158" />
  <system-out><![CDATA[--Output from testRenderNodes--
--Output from testRenderNodesToAtom10--
<?xml version="1.0" encoding="UTF-8"?>
<feed xmlns="http://www.w3.org/2005/Atom" xmlns:taxo="http://purl.org/rss/1.0/modules/taxonomy/" xmlns:rdf="http://www.w3.org/1999/02/22-rdf-syntax-ns#" xmlns:sy="http://purl.org/rss/1.0/modules/syndication/" xmlns:dc="http://purl.org/dc/elements/1.1/">
  <title>Test feed</title>
  <link rel="alternate" href="http://somewhere.com/" />
  <subtitle>This is a test feed</subtitle>
  <entry>
    <title>Title for A</title>
    <author>
      <name />
    </author>
    <content />
  </entry>
  <entry>
    <title>Title for B</title>
    <author>
      <name />
    </author>
    <content />
  </entry>
  <entry>
    <title>Title for C</title>
    <author>
      <name />
    </author>
    <content />
  </entry>
</feed>


--Output from testRenderNodesNestedExplicitContentNodeBeforePropertySetters--
<?xml version="1.0" encoding="UTF-8"?>
<rss xmlns:content="http://purl.org/rss/1.0/modules/content/" xmlns:taxo="http://purl.org/rss/1.0/modules/taxonomy/" xmlns:rdf="http://www.w3.org/1999/02/22-rdf-syntax-ns#" xmlns:itunes="http://www.itunes.com/dtds/podcast-1.0.dtd" xmlns:dc="http://purl.org/dc/elements/1.1/" version="2.0">
  <channel>
    <title>Test feed</title>
    <link>http://somewhere.com/</link>
    <description>This is a test feed</description>
    <item>
      <title>Title for A</title>
      <link>http://somewhere.com/x</link>
      <content:encoded />
      <pubDate>Mon, 09 Jun 2008 13:36:16 GMT</pubDate>
      <guid>http://somewhere.com/x</guid>
      <dc:date>2008-06-09T13:36:16Z</dc:date>
    </item>
    <item>
      <title>Title for B</title>
      <link>http://somewhere.com/x</link>
      <content:encoded />
      <pubDate>Mon, 09 Jun 2008 13:36:16 GMT</pubDate>
      <guid>http://somewhere.com/x</guid>
      <dc:date>2008-06-09T13:36:16Z</dc:date>
    </item>
    <item>
      <title>Title for C</title>
      <link>http://somewhere.com/x</link>
      <content:encoded />
      <pubDate>Mon, 09 Jun 2008 13:36:16 GMT</pubDate>
      <guid>http://somewhere.com/x</guid>
      <dc:date>2008-06-09T13:36:16Z</dc:date>
    </item>
  </channel>
</rss>


--Output from testRenderNodesNestedExplicitContentNode--
<?xml version="1.0" encoding="UTF-8"?>
<rss xmlns:content="http://purl.org/rss/1.0/modules/content/" xmlns:taxo="http://purl.org/rss/1.0/modules/taxonomy/" xmlns:rdf="http://www.w3.org/1999/02/22-rdf-syntax-ns#" xmlns:itunes="http://www.itunes.com/dtds/podcast-1.0.dtd" xmlns:dc="http://purl.org/dc/elements/1.1/" version="2.0">
  <channel>
    <title>Test feed</title>
    <link>http://somewhere.com/</link>
    <description>This is a test feed</description>
    <item>
      <title>Title for A</title>
      <link>http://somewhere.com/x</link>
      <content:encoded />
      <pubDate>Mon, 09 Jun 2008 13:36:17 GMT</pubDate>
      <guid>http://somewhere.com/x</guid>
      <dc:date>2008-06-09T13:36:17Z</dc:date>
    </item>
    <item>
      <title>Title for B</title>
      <link>http://somewhere.com/x</link>
      <content:encoded />
      <pubDate>Mon, 09 Jun 2008 13:36:17 GMT</pubDate>
      <guid>http://somewhere.com/x</guid>
      <dc:date>2008-06-09T13:36:17Z</dc:date>
    </item>
    <item>
      <title>Title for C</title>
      <link>http://somewhere.com/x</link>
      <content:encoded />
      <pubDate>Mon, 09 Jun 2008 13:36:17 GMT</pubDate>
      <guid>http://somewhere.com/x</guid>
      <dc:date>2008-06-09T13:36:17Z</dc:date>
    </item>
  </channel>
</rss>


--Output from testRenderNodesBadMethodResolution--
--Output from testRenderStringStillWorks--
--Output from testRenderClosureStillWorks--
--Output from testRenderMapClosureStillWorks--
--Output from testSimple--
]]></system-out>
  <system-err><![CDATA[--Output from testRenderNodes--
--Output from testRenderNodesToAtom10--
--Output from testRenderNodesNestedExplicitContentNodeBeforePropertySetters--
--Output from testRenderNodesNestedExplicitContentNode--
--Output from testRenderNodesBadMethodResolution--
--Output from testRenderStringStillWorks--
--Output from testRenderClosureStillWorks--
--Output from testRenderMapClosureStillWorks--
--Output from testSimple--
]]></system-err>
</testsuite>
